<?xml version="1.0" encoding="UTF-8"?>
<testng-results ignored="6" total="10" passed="3" failed="1" skipped="0">
  <reporter-output>
  </reporter-output>
  <suite started-at="2022-07-11T13:23:14 IST" name="OMOrderSubmission" finished-at="2022-07-11T13:23:14 IST" duration-ms="127">
    <groups>
      <group name="Smoke">
        <method signature="InitiateOrderPage.proceedToPCPage()[pri:0, instance:testNG.InitiateOrderPage@3febb011]" name="proceedToPCPage" class="testNG.InitiateOrderPage"/>
        <method signature="OrderSubmissionPage.submit()[pri:0, instance:testNG.OrderSubmissionPage@6adbc9d]" name="submit" class="testNG.OrderSubmissionPage"/>
        <method signature="ProductConfigPage.addProducts()[pri:0, instance:testNG.ProductConfigPage@c8c12ac]" name="addProducts" class="testNG.ProductConfigPage"/>
        <method signature="ProductConfigPage.pricingorder()[pri:0, instance:testNG.ProductConfigPage@c8c12ac]" name="pricingorder" class="testNG.ProductConfigPage"/>
      </group> <!-- Smoke -->
    </groups>
    <test started-at="2022-07-11T13:23:14 IST" name="OMEndtoEnd" finished-at="2022-07-11T13:23:14 IST" duration-ms="127">
      <class name="testNG.OrderSubmissionPage">
        <test-method signature="submit()[pri:0, instance:testNG.OrderSubmissionPage@6adbc9d]" started-at="2022-07-11T13:23:14 IST" name="submit" finished-at="2022-07-11T13:23:14 IST" duration-ms="2" status="PASS">
          <reporter-output>
          </reporter-output>
        </test-method> <!-- submit -->
      </class> <!-- testNG.OrderSubmissionPage -->
      <class name="testNG.ProductConfigPage">
        <test-method signature="addProducts()[pri:0, instance:testNG.ProductConfigPage@c8c12ac]" started-at="2022-07-11T13:23:14 IST" name="addProducts" finished-at="2022-07-11T13:23:14 IST" duration-ms="3" status="PASS">
          <reporter-output>
          </reporter-output>
        </test-method> <!-- addProducts -->
        <test-method signature="pricingorder()[pri:0, instance:testNG.ProductConfigPage@c8c12ac]" started-at="2022-07-11T13:23:14 IST" name="pricingorder" finished-at="2022-07-11T13:23:14 IST" duration-ms="2" status="PASS">
          <reporter-output>
          </reporter-output>
        </test-method> <!-- pricingorder -->
      </class> <!-- testNG.ProductConfigPage -->
      <class name="testNG.InitiateOrderPage">
        <test-method signature="proceedToPCPage()[pri:0, instance:testNG.InitiateOrderPage@3febb011]" started-at="2022-07-11T13:23:14 IST" name="proceedToPCPage" finished-at="2022-07-11T13:23:14 IST" duration-ms="15" status="FAIL">
          <exception class="java.lang.AssertionError">
            <message>
              <![CDATA[expected [true] but found [false]]]>
            </message>
            <full-stacktrace>
              <![CDATA[java.lang.AssertionError: expected [true] but found [false]
at org.testng.Assert.fail(Assert.java:110)
at org.testng.Assert.failNotEquals(Assert.java:1413)
at org.testng.Assert.assertTrue(Assert.java:56)
at org.testng.Assert.assertTrue(Assert.java:66)
at testNG.InitiateOrderPage.proceedToPCPage(InitiateOrderPage.java:25)
at java.base/jdk.internal.reflect.NativeMethodAccessorImpl.invoke0(Native Method)
at java.base/jdk.internal.reflect.NativeMethodAccessorImpl.invoke(NativeMethodAccessorImpl.java:64)
at java.base/jdk.internal.reflect.DelegatingMethodAccessorImpl.invoke(DelegatingMethodAccessorImpl.java:43)
at java.base/java.lang.reflect.Method.invoke(Method.java:564)
at org.testng.internal.invokers.MethodInvocationHelper.invokeMethod(MethodInvocationHelper.java:135)
at org.testng.internal.invokers.TestInvoker.invokeMethod(TestInvoker.java:673)
at org.testng.internal.invokers.TestInvoker.invokeTestMethod(TestInvoker.java:220)
at org.testng.internal.invokers.MethodRunner.runInSequence(MethodRunner.java:50)
at org.testng.internal.invokers.TestInvoker$MethodInvocationAgent.invoke(TestInvoker.java:945)
at org.testng.internal.invokers.TestInvoker.invokeTestMethods(TestInvoker.java:193)
at org.testng.internal.invokers.TestMethodWorker.invokeTestMethods(TestMethodWorker.java:146)
at org.testng.internal.invokers.TestMethodWorker.run(TestMethodWorker.java:128)
at java.base/java.util.ArrayList.forEach(ArrayList.java:1511)
at org.testng.TestRunner.privateRun(TestRunner.java:808)
at org.testng.TestRunner.run(TestRunner.java:603)
at org.testng.SuiteRunner.runTest(SuiteRunner.java:429)
at org.testng.SuiteRunner.runSequentially(SuiteRunner.java:423)
at org.testng.SuiteRunner.privateRun(SuiteRunner.java:383)
at org.testng.SuiteRunner.run(SuiteRunner.java:326)
at org.testng.SuiteRunnerWorker.runSuite(SuiteRunnerWorker.java:52)
at org.testng.SuiteRunnerWorker.run(SuiteRunnerWorker.java:95)
at org.testng.TestNG.runSuitesSequentially(TestNG.java:1249)
at org.testng.TestNG.runSuitesLocally(TestNG.java:1169)
at org.testng.TestNG.runSuites(TestNG.java:1092)
at org.testng.TestNG.run(TestNG.java:1060)
at org.testng.remote.AbstractRemoteTestNG.run(AbstractRemoteTestNG.java:115)
at org.testng.remote.RemoteTestNG.initAndRun(RemoteTestNG.java:251)
at org.testng.remote.RemoteTestNG.main(RemoteTestNG.java:77)
]]>
            </full-stacktrace>
          </exception> <!-- java.lang.AssertionError -->
          <reporter-output>
          </reporter-output>
        </test-method> <!-- proceedToPCPage -->
      </class> <!-- testNG.InitiateOrderPage -->
    </test> <!-- OMEndtoEnd -->
  </suite> <!-- OMOrderSubmission -->
</testng-results>
