<?xml version="1.0" encoding="UTF-8"?>
<!-- Generated by org.testng.reporters.JUnitXMLReporter -->
<testsuite ignored="6" hostname="LAPTOP-6BNLH7JG" failures="1" tests="4" name="OMEndtoEnd" time="0.127" errors="0" timestamp="2022-07-11T13:23:14 IST">
  <testcase classname="testNG.InitiateOrderPage" name="proceedToPCPage" time="0.015">
    <failure type="java.lang.AssertionError" message="expected [true] but found [false]">
      <![CDATA[java.lang.AssertionError: expected [true] but found [false]
at testNG.InitiateOrderPage.proceedToPCPage(InitiateOrderPage.java:25)
at java.base/java.util.ArrayList.forEach(ArrayList.java:1511)
... Removed 31 stack frames]]>
    </failure>
  </testcase> <!-- proceedToPCPage -->
  <testcase classname="testNG.ProductConfigPage" name="addProducts" time="0.003"/>
  <testcase classname="testNG.ProductConfigPage" name="pricingorder" time="0.002"/>
  <testcase classname="testNG.OrderSubmissionPage" name="submit" time="0.002"/>
  <testcase classname="testNG.ProductConfigPage" name="parametersTest" time="0.0">
    <ignored/>
  </testcase> <!-- parametersTest -->
  <testcase classname="testNG.InitiateOrderPage" name="customerDetails" time="0.0">
    <ignored/>
  </testcase> <!-- customerDetails -->
  <testcase classname="testNG.ProductConfigPage" name="seamlessSwitch" time="0.0">
    <ignored/>
  </testcase> <!-- seamlessSwitch -->
  <testcase classname="testNG.ProductConfigPage" name="pricinglob" time="0.0">
    <ignored/>
  </testcase> <!-- pricinglob -->
  <testcase classname="testNG.OrderSubmissionPage" name="details" time="0.0">
    <ignored/>
  </testcase> <!-- details -->
  <testcase classname="testNG.InitiateOrderPage" name="customerValidation" time="0.0">
    <ignored/>
  </testcase> <!-- customerValidation -->
</testsuite> <!-- OMEndtoEnd -->
